machine learning;SjS;report
Total_number_of_articles;1075
>23254332;First_Filter=FAILED;Last_filter=PASSED
>29702670;First_Filter=PASSED;Last_filter=PASSED
>29698784;First_Filter=PASSED;Last_filter=FAILED
>29695376;First_Filter=PASSED;Last_filter=PASSED
>29678056;First_Filter=PASSED;Last_filter=PASSED
>29665779;First_Filter=PASSED;Last_filter=FAILED
>29659528;First_Filter=PASSED;Last_filter=PASSED
>29650646;First_Filter=PASSED;Last_filter=FAILED
>29643760;First_Filter=PASSED;Last_filter=FAILED
>29626082;First_Filter=PASSED;Last_filter=PASSED
>29625053;First_Filter=PASSED;Last_filter=PASSED
>29615005;First_Filter=PASSED;Last_filter=PASSED
>29613851;First_Filter=PASSED;Last_filter=FAILED
>29611842;First_Filter=PASSED;Last_filter=PASSED
>29596342;First_Filter=PASSED;Last_filter=PASSED
>29561777;First_Filter=PASSED;Last_filter=FAILED
>29559945;First_Filter=PASSED;Last_filter=PASSED
>29558944;First_Filter=PASSED;Last_filter=FAILED
>29553732;First_Filter=PASSED;Last_filter=PASSED
>29538103;First_Filter=PASSED;Last_filter=PASSED
>29530097;First_Filter=PASSED;Last_filter=PASSED
>29529829;First_Filter=PASSED;Last_filter=PASSED
>29528822;First_Filter=PASSED;Last_filter=FAILED
>29523200;First_Filter=PASSED;Last_filter=FAILED
>28928948;First_Filter=PASSED;Last_filter=PASSED
>29508619;First_Filter=PASSED;Last_filter=FAILED
>29505032;First_Filter=PASSED;Last_filter=FAILED
>29504897;First_Filter=PASSED;Last_filter=FAILED
>29488902;First_Filter=PASSED;Last_filter=PASSED
>29461955;First_Filter=PASSED;Last_filter=FAILED
>29435343;First_Filter=PASSED;Last_filter=FAILED
>29425590;First_Filter=PASSED;Last_filter=FAILED
>29420578;First_Filter=PASSED;Last_filter=FAILED
>29402532;First_Filter=PASSED;Last_filter=FAILED
>29401917;First_Filter=PASSED;Last_filter=FAILED
>29396123;First_Filter=PASSED;Last_filter=PASSED
>29391341;First_Filter=PASSED;Last_filter=FAILED
>29391206;First_Filter=PASSED;Last_filter=FAILED
>29381109;First_Filter=PASSED;Last_filter=FAILED
>29380208;First_Filter=PASSED;Last_filter=PASSED
>29380122;First_Filter=PASSED;Last_filter=PASSED
>29379630;First_Filter=PASSED;Last_filter=FAILED
>29374661;First_Filter=PASSED;Last_filter=PASSED
>29373720;First_Filter=PASSED;Last_filter=FAILED
>29361863;First_Filter=PASSED;Last_filter=PASSED
>29358019;First_Filter=PASSED;Last_filter=FAILED
>29348406;First_Filter=PASSED;Last_filter=FAILED
>29329334;First_Filter=PASSED;Last_filter=PASSED
>29327813;First_Filter=PASSED;Last_filter=PASSED
>29317355;First_Filter=PASSED;Last_filter=PASSED
>29306979;First_Filter=PASSED;Last_filter=FAILED
>29295168;First_Filter=PASSED;Last_filter=FAILED
>29285887;First_Filter=PASSED;Last_filter=FAILED
>29274047;First_Filter=PASSED;Last_filter=PASSED
>29269244;First_Filter=PASSED;Last_filter=PASSED
>29259769;First_Filter=PASSED;Last_filter=PASSED
>29254878;First_Filter=PASSED;Last_filter=FAILED
>29238300;First_Filter=PASSED;Last_filter=PASSED
>29234023;First_Filter=PASSED;Last_filter=PASSED
>29229851;First_Filter=PASSED;Last_filter=FAILED
>29218882;First_Filter=PASSED;Last_filter=PASSED
>29201281;First_Filter=PASSED;Last_filter=FAILED
>29188759;First_Filter=PASSED;Last_filter=FAILED
>29183987;First_Filter=PASSED;Last_filter=PASSED
>29174666;First_Filter=PASSED;Last_filter=PASSED
>29162279;First_Filter=PASSED;Last_filter=FAILED
>29153840;First_Filter=PASSED;Last_filter=FAILED
>29135365;First_Filter=PASSED;Last_filter=FAILED
>29134430;First_Filter=PASSED;Last_filter=FAILED
>29133589;First_Filter=PASSED;Last_filter=FAILED
>29093610;First_Filter=PASSED;Last_filter=PASSED
>29086046;First_Filter=PASSED;Last_filter=PASSED
>29079959;First_Filter=PASSED;Last_filter=PASSED
>29076307;First_Filter=PASSED;Last_filter=FAILED
>29074769;First_Filter=PASSED;Last_filter=PASSED
>29072073;First_Filter=PASSED;Last_filter=PASSED
>29071750;First_Filter=PASSED;Last_filter=PASSED
>29068431;First_Filter=PASSED;Last_filter=PASSED
>29066897;First_Filter=PASSED;Last_filter=PASSED
>29063566;First_Filter=PASSED;Last_filter=PASSED
>29063560;First_Filter=PASSED;Last_filter=PASSED
>29063553;First_Filter=PASSED;Last_filter=FAILED
>29063550;First_Filter=PASSED;Last_filter=PASSED
>29063549;First_Filter=PASSED;Last_filter=FAILED
>29063545;First_Filter=PASSED;Last_filter=FAILED
>29058357;First_Filter=PASSED;Last_filter=FAILED
>29047157;First_Filter=PASSED;Last_filter=PASSED
>29046267;First_Filter=PASSED;Last_filter=PASSED
>29044152;First_Filter=PASSED;Last_filter=PASSED
>29039725;First_Filter=PASSED;Last_filter=FAILED
>29038732;First_Filter=PASSED;Last_filter=PASSED
>29038651;First_Filter=PASSED;Last_filter=FAILED
>29036354;First_Filter=PASSED;Last_filter=PASSED
>29029029;First_Filter=PASSED;Last_filter=FAILED
>29027789;First_Filter=PASSED;Last_filter=PASSED
>29021342;First_Filter=PASSED;Last_filter=PASSED
>29017921;First_Filter=PASSED;Last_filter=PASSED
>29016825;First_Filter=PASSED;Last_filter=FAILED
>28993979;First_Filter=PASSED;Last_filter=PASSED
>28988802;First_Filter=PASSED;Last_filter=PASSED
>28980865;First_Filter=PASSED;Last_filter=PASSED
>28979001;First_Filter=PASSED;Last_filter=PASSED
>28973260;First_Filter=PASSED;Last_filter=FAILED
>28971622;First_Filter=PASSED;Last_filter=PASSED
>28966822;First_Filter=PASSED;Last_filter=PASSED
>28963546;First_Filter=PASSED;Last_filter=PASSED
>28960990;First_Filter=PASSED;Last_filter=PASSED
>28957217;First_Filter=PASSED;Last_filter=PASSED
>28952933;First_Filter=PASSED;Last_filter=PASSED
>28927724;First_Filter=PASSED;Last_filter=PASSED
>28926232;First_Filter=PASSED;Last_filter=PASSED
>28918672;First_Filter=PASSED;Last_filter=PASSED
>28910655;First_Filter=PASSED;Last_filter=PASSED
>28894368;First_Filter=PASSED;Last_filter=FAILED
>28866570;First_Filter=PASSED;Last_filter=FAILED
>28866562;First_Filter=PASSED;Last_filter=PASSED
>28860874;First_Filter=PASSED;Last_filter=FAILED
>28855012;First_Filter=PASSED;Last_filter=PASSED
>28853645;First_Filter=PASSED;Last_filter=PASSED
>28841565;First_Filter=PASSED;Last_filter=PASSED
>28823587;First_Filter=PASSED;Last_filter=FAILED
>28815118;First_Filter=PASSED;Last_filter=PASSED
>28800580;First_Filter=PASSED;Last_filter=FAILED
>28793147;First_Filter=PASSED;Last_filter=FAILED
>28782945;First_Filter=PASSED;Last_filter=FAILED
>28770474;First_Filter=PASSED;Last_filter=FAILED
>28769034;First_Filter=PASSED;Last_filter=PASSED
>28750905;First_Filter=PASSED;Last_filter=PASSED
>28739578;First_Filter=PASSED;Last_filter=PASSED
>28736770;First_Filter=PASSED;Last_filter=PASSED
>28736569;First_Filter=PASSED;Last_filter=FAILED
>28735735;First_Filter=PASSED;Last_filter=PASSED
>28731335;First_Filter=PASSED;Last_filter=PASSED
>28730182;First_Filter=PASSED;Last_filter=PASSED
>28718087;First_Filter=PASSED;Last_filter=PASSED
>28717555;First_Filter=PASSED;Last_filter=PASSED
>28708548;First_Filter=PASSED;Last_filter=PASSED
>28708060;First_Filter=PASSED;Last_filter=PASSED
>28684387;First_Filter=PASSED;Last_filter=FAILED
>28678808;First_Filter=PASSED;Last_filter=PASSED
>28666178;First_Filter=PASSED;Last_filter=FAILED
>28646991;First_Filter=PASSED;Last_filter=FAILED
>28638239;First_Filter=PASSED;Last_filter=FAILED
>28635678;First_Filter=PASSED;Last_filter=FAILED
>28628331;First_Filter=PASSED;Last_filter=FAILED
>28624633;First_Filter=PASSED;Last_filter=PASSED
>28623343;First_Filter=PASSED;Last_filter=PASSED
>28597010;First_Filter=PASSED;Last_filter=PASSED
>28580720;First_Filter=PASSED;Last_filter=FAILED
>28573205;First_Filter=PASSED;Last_filter=FAILED
>28544272;First_Filter=PASSED;Last_filter=PASSED
>28542831;First_Filter=PASSED;Last_filter=PASSED
>28542248;First_Filter=PASSED;Last_filter=PASSED
>28525590;First_Filter=PASSED;Last_filter=FAILED
>28522086;First_Filter=PASSED;Last_filter=FAILED
>28521503;First_Filter=PASSED;Last_filter=FAILED
>28506958;First_Filter=PASSED;Last_filter=PASSED
>28487265;First_Filter=PASSED;Last_filter=PASSED
>28487007;First_Filter=PASSED;Last_filter=FAILED
>28480121;First_Filter=PASSED;Last_filter=PASSED
>28472651;First_Filter=PASSED;Last_filter=PASSED
>28451691;First_Filter=PASSED;Last_filter=FAILED
>28450190;First_Filter=PASSED;Last_filter=FAILED
>28434153;First_Filter=PASSED;Last_filter=FAILED
>28428140;First_Filter=PASSED;Last_filter=PASSED
>28423793;First_Filter=PASSED;Last_filter=FAILED
>28423569;First_Filter=PASSED;Last_filter=FAILED
>28418682;First_Filter=PASSED;Last_filter=PASSED
>28418441;First_Filter=PASSED;Last_filter=FAILED
>28405516;First_Filter=PASSED;Last_filter=FAILED
>28396068;First_Filter=PASSED;Last_filter=PASSED
>28395661;First_Filter=PASSED;Last_filter=PASSED
>28391822;First_Filter=PASSED;Last_filter=FAILED
>28389234;First_Filter=PASSED;Last_filter=PASSED
>28384801;First_Filter=PASSED;Last_filter=FAILED
>28371826;First_Filter=PASSED;Last_filter=PASSED
>28319010;First_Filter=PASSED;Last_filter=FAILED
>28298081;First_Filter=PASSED;Last_filter=PASSED
>28293162;First_Filter=PASSED;Last_filter=FAILED
>28292475;First_Filter=PASSED;Last_filter=FAILED
>28288103;First_Filter=PASSED;Last_filter=PASSED
>28280741;First_Filter=PASSED;Last_filter=FAILED
>28272488;First_Filter=PASSED;Last_filter=FAILED
>28269938;First_Filter=PASSED;Last_filter=PASSED
>28268456;First_Filter=PASSED;Last_filter=PASSED
>28268417;First_Filter=PASSED;Last_filter=FAILED
>28259086;First_Filter=PASSED;Last_filter=PASSED
>28256072;First_Filter=PASSED;Last_filter=FAILED
>28255941;First_Filter=PASSED;Last_filter=PASSED
>28255110;First_Filter=PASSED;Last_filter=PASSED
>28245335;First_Filter=PASSED;Last_filter=FAILED
>28244986;First_Filter=PASSED;Last_filter=PASSED
>28217081;First_Filter=PASSED;Last_filter=PASSED
>28182647;First_Filter=PASSED;Last_filter=FAILED
>28181279;First_Filter=PASSED;Last_filter=FAILED
>28176860;First_Filter=PASSED;Last_filter=FAILED
>28155718;First_Filter=PASSED;Last_filter=FAILED
>28155089;First_Filter=PASSED;Last_filter=PASSED
>28154788;First_Filter=PASSED;Last_filter=PASSED
>28144827;First_Filter=PASSED;Last_filter=FAILED
>28141803;First_Filter=PASSED;Last_filter=FAILED
>28140627;First_Filter=PASSED;Last_filter=FAILED
>28134452;First_Filter=PASSED;Last_filter=FAILED
>28123858;First_Filter=PASSED;Last_filter=PASSED
>28102689;First_Filter=PASSED;Last_filter=FAILED
>28096347;First_Filter=PASSED;Last_filter=FAILED
>28092510;First_Filter=PASSED;Last_filter=PASSED
>28083725;First_Filter=PASSED;Last_filter=FAILED
>28068295;First_Filter=PASSED;Last_filter=PASSED
>28066845;First_Filter=PASSED;Last_filter=FAILED
>28066488;First_Filter=PASSED;Last_filter=PASSED
>28050714;First_Filter=PASSED;Last_filter=FAILED
>28040847;First_Filter=PASSED;Last_filter=FAILED
>29601065;First_Filter=PASSED;Last_filter=FAILED
>29582914;First_Filter=PASSED;Last_filter=FAILED
>28018986;First_Filter=PASSED;Last_filter=PASSED
>27994938;First_Filter=PASSED;Last_filter=FAILED
>27992544;First_Filter=PASSED;Last_filter=PASSED
>27984586;First_Filter=PASSED;Last_filter=FAILED
>27966949;First_Filter=PASSED;Last_filter=PASSED
>27955641;First_Filter=PASSED;Last_filter=PASSED
>27940075;First_Filter=PASSED;Last_filter=PASSED
>27935995;First_Filter=PASSED;Last_filter=FAILED
>27926382;First_Filter=PASSED;Last_filter=FAILED
>27920952;First_Filter=PASSED;Last_filter=FAILED
>27903639;First_Filter=PASSED;Last_filter=PASSED
>27899623;First_Filter=PASSED;Last_filter=PASSED
>27880812;First_Filter=PASSED;Last_filter=PASSED
>27869193;First_Filter=PASSED;Last_filter=FAILED
>27838184;First_Filter=PASSED;Last_filter=FAILED
>27826755;First_Filter=PASSED;Last_filter=FAILED
>27826610;First_Filter=PASSED;Last_filter=FAILED
>27802646;First_Filter=PASSED;Last_filter=FAILED
>27801834;First_Filter=PASSED;Last_filter=PASSED
>27792165;First_Filter=PASSED;Last_filter=PASSED
>27266594;First_Filter=PASSED;Last_filter=FAILED
>27755355;First_Filter=PASSED;Last_filter=PASSED
>27753745;First_Filter=PASSED;Last_filter=FAILED
>27749867;First_Filter=PASSED;Last_filter=FAILED
>27729304;First_Filter=PASSED;Last_filter=PASSED
>27729234;First_Filter=PASSED;Last_filter=FAILED
>27721800;First_Filter=PASSED;Last_filter=PASSED
>27699133;First_Filter=PASSED;Last_filter=FAILED
>27698660;First_Filter=PASSED;Last_filter=PASSED
>27624668;First_Filter=PASSED;Last_filter=PASSED
>27616991;First_Filter=PASSED;Last_filter=PASSED
>27601981;First_Filter=PASSED;Last_filter=PASSED
>27580922;First_Filter=PASSED;Last_filter=PASSED
>27564682;First_Filter=PASSED;Last_filter=PASSED
>27553703;First_Filter=PASSED;Last_filter=FAILED
>27532026;First_Filter=PASSED;Last_filter=PASSED
>27511748;First_Filter=PASSED;Last_filter=FAILED
>27510537;First_Filter=PASSED;Last_filter=FAILED
>27507704;First_Filter=PASSED;Last_filter=FAILED
>27500805;First_Filter=PASSED;Last_filter=PASSED
>27483382;First_Filter=PASSED;Last_filter=PASSED
>27479327;First_Filter=PASSED;Last_filter=FAILED
>27454233;First_Filter=PASSED;Last_filter=FAILED
>27443338;First_Filter=PASSED;Last_filter=PASSED
>29312547;First_Filter=PASSED;Last_filter=FAILED
>27431038;First_Filter=PASSED;Last_filter=FAILED
>27424268;First_Filter=PASSED;Last_filter=PASSED
>27414412;First_Filter=PASSED;Last_filter=PASSED
>27415390;First_Filter=PASSED;Last_filter=FAILED
>27406024;First_Filter=PASSED;Last_filter=FAILED
>27402990;First_Filter=PASSED;Last_filter=PASSED
>27397505;First_Filter=PASSED;Last_filter=PASSED
>27385532;First_Filter=PASSED;Last_filter=PASSED
>27384036;First_Filter=PASSED;Last_filter=PASSED
>27344136;First_Filter=PASSED;Last_filter=FAILED
>27336162;First_Filter=PASSED;Last_filter=PASSED
>27330892;First_Filter=PASSED;Last_filter=FAILED
>27329638;First_Filter=PASSED;Last_filter=PASSED
>27318552;First_Filter=PASSED;Last_filter=PASSED
>27311964;First_Filter=PASSED;Last_filter=FAILED
>27283217;First_Filter=PASSED;Last_filter=FAILED
>27267768;First_Filter=PASSED;Last_filter=PASSED
>27227720;First_Filter=PASSED;Last_filter=FAILED
>27227145;First_Filter=PASSED;Last_filter=PASSED
>29546164;First_Filter=PASSED;Last_filter=FAILED
>27185366;First_Filter=PASSED;Last_filter=FAILED
>27177941;First_Filter=PASSED;Last_filter=PASSED
>27176486;First_Filter=PASSED;Last_filter=FAILED
>27168574;First_Filter=PASSED;Last_filter=FAILED
>27168564;First_Filter=PASSED;Last_filter=PASSED
>27163203;First_Filter=PASSED;Last_filter=PASSED
>27157417;First_Filter=PASSED;Last_filter=PASSED
>27148029;First_Filter=PASSED;Last_filter=PASSED
>27141850;First_Filter=PASSED;Last_filter=PASSED
>27104223;First_Filter=PASSED;Last_filter=PASSED
>27095535;First_Filter=PASSED;Last_filter=PASSED
>27090613;First_Filter=PASSED;Last_filter=PASSED
>27071103;First_Filter=PASSED;Last_filter=PASSED
>27026618;First_Filter=PASSED;Last_filter=FAILED
>27014100;First_Filter=PASSED;Last_filter=FAILED
>27012503;First_Filter=PASSED;Last_filter=FAILED
>27009334;First_Filter=PASSED;Last_filter=FAILED
>26960968;First_Filter=PASSED;Last_filter=PASSED
>26954494;First_Filter=PASSED;Last_filter=FAILED
>26947174;First_Filter=PASSED;Last_filter=FAILED
>26883067;First_Filter=PASSED;Last_filter=PASSED
>26869955;First_Filter=PASSED;Last_filter=PASSED
>26834084;First_Filter=PASSED;Last_filter=PASSED
>26828757;First_Filter=PASSED;Last_filter=PASSED
>26823500;First_Filter=PASSED;Last_filter=PASSED
>26818563;First_Filter=PASSED;Last_filter=PASSED
>26815142;First_Filter=PASSED;Last_filter=PASSED
>26813983;First_Filter=PASSED;Last_filter=FAILED
>26783204;First_Filter=PASSED;Last_filter=PASSED
>26771672;First_Filter=PASSED;Last_filter=PASSED
>26766600;First_Filter=PASSED;Last_filter=PASSED
>26728563;First_Filter=PASSED;Last_filter=PASSED
>26723608;First_Filter=PASSED;Last_filter=FAILED
>26677964;First_Filter=PASSED;Last_filter=FAILED
>26671801;First_Filter=PASSED;Last_filter=FAILED
>26660196;First_Filter=PASSED;Last_filter=FAILED
>26635579;First_Filter=PASSED;Last_filter=PASSED
>26632871;First_Filter=PASSED;Last_filter=PASSED
>28748229;First_Filter=PASSED;Last_filter=PASSED
>26607933;First_Filter=PASSED;Last_filter=FAILED
>26605116;First_Filter=PASSED;Last_filter=FAILED
>26596551;First_Filter=PASSED;Last_filter=PASSED
>26590412;First_Filter=PASSED;Last_filter=FAILED
>26568329;First_Filter=PASSED;Last_filter=PASSED
>26567329;First_Filter=PASSED;Last_filter=FAILED
>26566353;First_Filter=PASSED;Last_filter=PASSED
>26556646;First_Filter=PASSED;Last_filter=PASSED
>26542807;First_Filter=PASSED;Last_filter=PASSED
>26521688;First_Filter=PASSED;Last_filter=FAILED
>26490145;First_Filter=PASSED;Last_filter=FAILED
>26484064;First_Filter=FAILED;Last_filter=FAILED
>26481140;First_Filter=PASSED;Last_filter=PASSED
>26476078;First_Filter=PASSED;Last_filter=PASSED
>26474183;First_Filter=PASSED;Last_filter=FAILED
>26454282;First_Filter=PASSED;Last_filter=FAILED
>26448801;First_Filter=PASSED;Last_filter=FAILED
>26436603;First_Filter=PASSED;Last_filter=PASSED
>26394815;First_Filter=PASSED;Last_filter=PASSED
>26391638;First_Filter=PASSED;Last_filter=FAILED
>26381235;First_Filter=PASSED;Last_filter=PASSED
>26357343;First_Filter=PASSED;Last_filter=PASSED
>26353748;First_Filter=PASSED;Last_filter=PASSED
>26352999;First_Filter=PASSED;Last_filter=PASSED
>26350602;First_Filter=PASSED;Last_filter=FAILED
>26348289;First_Filter=PASSED;Last_filter=PASSED
>26347863;First_Filter=PASSED;Last_filter=PASSED
>26323193;First_Filter=PASSED;Last_filter=PASSED
>28825057;First_Filter=PASSED;Last_filter=PASSED
>26312168;First_Filter=PASSED;Last_filter=PASSED
>26306245;First_Filter=PASSED;Last_filter=FAILED
>26306241;First_Filter=PASSED;Last_filter=PASSED
>26304693;First_Filter=PASSED;Last_filter=FAILED
>26291578;First_Filter=PASSED;Last_filter=FAILED
>26262157;First_Filter=PASSED;Last_filter=FAILED
>26262149;First_Filter=PASSED;Last_filter=PASSED
>26262058;First_Filter=PASSED;Last_filter=FAILED
>26243673;First_Filter=PASSED;Last_filter=FAILED
>26212723;First_Filter=PASSED;Last_filter=PASSED
>26186455;First_Filter=PASSED;Last_filter=FAILED
>26169580;First_Filter=PASSED;Last_filter=PASSED
>26167382;First_Filter=PASSED;Last_filter=PASSED
>26163062;First_Filter=FAILED;Last_filter=PASSED
>26150785;First_Filter=PASSED;Last_filter=PASSED
>26131352;First_Filter=PASSED;Last_filter=PASSED
>26104742;First_Filter=PASSED;Last_filter=PASSED
>26099994;First_Filter=PASSED;Last_filter=FAILED
>26063251;First_Filter=PASSED;Last_filter=FAILED
>26065052;First_Filter=FAILED;Last_filter=FAILED
>26037051;First_Filter=PASSED;Last_filter=PASSED
>26031220;First_Filter=PASSED;Last_filter=PASSED
>25994109;First_Filter=FAILED;Last_filter=FAILED
>25992957;First_Filter=PASSED;Last_filter=PASSED
>25966488;First_Filter=PASSED;Last_filter=PASSED
>25958376;First_Filter=FAILED;Last_filter=PASSED
>25925816;First_Filter=PASSED;Last_filter=FAILED
>27490276;First_Filter=PASSED;Last_filter=PASSED
>25910697;First_Filter=PASSED;Last_filter=FAILED
>25900664;First_Filter=PASSED;Last_filter=PASSED
>25883319;First_Filter=PASSED;Last_filter=PASSED
>25870759;First_Filter=PASSED;Last_filter=FAILED
>25855189;First_Filter=PASSED;Last_filter=PASSED
>25839250;First_Filter=PASSED;Last_filter=PASSED
>25832055;First_Filter=PASSED;Last_filter=FAILED
>25810774;First_Filter=PASSED;Last_filter=PASSED
>25810317;First_Filter=PASSED;Last_filter=PASSED
>25789918;First_Filter=FAILED;Last_filter=PASSED
>25784698;First_Filter=PASSED;Last_filter=FAILED
>25781229;First_Filter=PASSED;Last_filter=FAILED
>25776030;First_Filter=PASSED;Last_filter=FAILED
>25773550;First_Filter=PASSED;Last_filter=FAILED
>25765891;First_Filter=PASSED;Last_filter=PASSED
>25765854;First_Filter=PASSED;Last_filter=PASSED
>25747442;First_Filter=FAILED;Last_filter=PASSED
>25737022;First_Filter=PASSED;Last_filter=FAILED
>25724123;First_Filter=FAILED;Last_filter=FAILED
>25721094;First_Filter=FAILED;Last_filter=FAILED
>25708388;First_Filter=PASSED;Last_filter=PASSED
>25704840;First_Filter=PASSED;Last_filter=PASSED
>25626996;First_Filter=FAILED;Last_filter=FAILED
>25626480;First_Filter=PASSED;Last_filter=FAILED
>25625196;First_Filter=FAILED;Last_filter=PASSED
>25614982;First_Filter=FAILED;Last_filter=PASSED
>25613956;First_Filter=FAILED;Last_filter=PASSED
>25600863;First_Filter=FAILED;Last_filter=PASSED
>25599079;First_Filter=PASSED;Last_filter=FAILED
>25592597;First_Filter=PASSED;Last_filter=FAILED
>25589415;First_Filter=FAILED;Last_filter=FAILED
>26958213;First_Filter=PASSED;Last_filter=FAILED
>26958191;First_Filter=PASSED;Last_filter=PASSED
>25542350;First_Filter=FAILED;Last_filter=FAILED
>25540220;First_Filter=FAILED;Last_filter=PASSED
>25521947;First_Filter=FAILED;Last_filter=PASSED
>25495116;First_Filter=FAILED;Last_filter=PASSED
>25462632;First_Filter=FAILED;Last_filter=PASSED
>25461812;First_Filter=FAILED;Last_filter=FAILED
>25460203;First_Filter=FAILED;Last_filter=FAILED
>25458128;First_Filter=FAILED;Last_filter=FAILED
>25378307;First_Filter=FAILED;Last_filter=PASSED
>25371410;First_Filter=FAILED;Last_filter=FAILED
>25350925;First_Filter=FAILED;Last_filter=PASSED
>25344330;First_Filter=FAILED;Last_filter=PASSED
>25333817;First_Filter=FAILED;Last_filter=PASSED
>25332356;First_Filter=FAILED;Last_filter=FAILED
>25273300;First_Filter=FAILED;Last_filter=PASSED
>25269875;First_Filter=FAILED;Last_filter=PASSED
>25260848;First_Filter=FAILED;Last_filter=FAILED
>25237821;First_Filter=FAILED;Last_filter=FAILED
>25216495;First_Filter=FAILED;Last_filter=PASSED
>25212657;First_Filter=FAILED;Last_filter=FAILED
>25207678;First_Filter=FAILED;Last_filter=PASSED
>25200472;First_Filter=FAILED;Last_filter=FAILED
>25200124;First_Filter=FAILED;Last_filter=PASSED
>25183434;First_Filter=FAILED;Last_filter=PASSED
>25151915;First_Filter=FAILED;Last_filter=PASSED
>25099227;First_Filter=FAILED;Last_filter=FAILED
>25088780;First_Filter=FAILED;Last_filter=PASSED
>25086004;First_Filter=FAILED;Last_filter=PASSED
>25081062;First_Filter=FAILED;Last_filter=FAILED
>25071546;First_Filter=FAILED;Last_filter=PASSED
>25066141;First_Filter=FAILED;Last_filter=PASSED
>25060352;First_Filter=FAILED;Last_filter=PASSED
>24995852;First_Filter=FAILED;Last_filter=PASSED
>24989419;First_Filter=FAILED;Last_filter=PASSED
>29213908;First_Filter=FAILED;Last_filter=PASSED
>24974010;First_Filter=FAILED;Last_filter=PASSED
>24965847;First_Filter=FAILED;Last_filter=PASSED
>24918460;First_Filter=FAILED;Last_filter=FAILED
>24905018;First_Filter=FAILED;Last_filter=PASSED
>24878803;First_Filter=FAILED;Last_filter=PASSED
>26688835;First_Filter=FAILED;Last_filter=PASSED
>24874407;First_Filter=FAILED;Last_filter=PASSED
>24848019;First_Filter=FAILED;Last_filter=PASSED
>24846307;First_Filter=FAILED;Last_filter=FAILED
>24835488;First_Filter=FAILED;Last_filter=PASSED
>24830925;First_Filter=FAILED;Last_filter=PASSED
>24819464;First_Filter=FAILED;Last_filter=PASSED
>24819333;First_Filter=FAILED;Last_filter=FAILED
>24806665;First_Filter=FAILED;Last_filter=FAILED
>26356019;First_Filter=FAILED;Last_filter=PASSED
>24747432;First_Filter=FAILED;Last_filter=FAILED
>24694926;First_Filter=FAILED;Last_filter=PASSED
>24692228;First_Filter=FAILED;Last_filter=PASSED
>24675087;First_Filter=FAILED;Last_filter=FAILED
>24634650;First_Filter=FAILED;Last_filter=FAILED
>24613798;First_Filter=FAILED;Last_filter=PASSED
>24600342;First_Filter=FAILED;Last_filter=PASSED
>24587128;First_Filter=FAILED;Last_filter=FAILED
>24586791;First_Filter=FAILED;Last_filter=PASSED
>24580808;First_Filter=FAILED;Last_filter=FAILED
>24566145;First_Filter=FAILED;Last_filter=FAILED
>24564547;First_Filter=FAILED;Last_filter=FAILED
>24564476;First_Filter=FAILED;Last_filter=FAILED
>24549679;First_Filter=FAILED;Last_filter=FAILED
>24497320;First_Filter=FAILED;Last_filter=FAILED
>24490838;First_Filter=FAILED;Last_filter=PASSED
>24486562;First_Filter=FAILED;Last_filter=FAILED
>24480062;First_Filter=FAILED;Last_filter=PASSED
>24472570;First_Filter=FAILED;Last_filter=PASSED
>24460894;First_Filter=FAILED;Last_filter=FAILED
>24460242;First_Filter=FAILED;Last_filter=PASSED
>24391818;First_Filter=FAILED;Last_filter=PASSED
>27170880;First_Filter=FAILED;Last_filter=FAILED
>25977779;First_Filter=FAILED;Last_filter=PASSED
>25798455;First_Filter=FAILED;Last_filter=PASSED
>24344512;First_Filter=FAILED;Last_filter=PASSED
>24343442;First_Filter=FAILED;Last_filter=FAILED
>24316044;First_Filter=FAILED;Last_filter=PASSED
>24307992;First_Filter=FAILED;Last_filter=FAILED
>24303247;First_Filter=FAILED;Last_filter=PASSED
>24303237;First_Filter=FAILED;Last_filter=FAILED
>24298936;First_Filter=FAILED;Last_filter=FAILED
>24287952;First_Filter=FAILED;Last_filter=PASSED
>24252998;First_Filter=FAILED;Last_filter=PASSED
>24195013;First_Filter=FAILED;Last_filter=PASSED
>24184708;First_Filter=FAILED;Last_filter=PASSED
>24149051;First_Filter=FAILED;Last_filter=FAILED
>24144102;First_Filter=FAILED;Last_filter=FAILED
>24140787;First_Filter=FAILED;Last_filter=FAILED
>24130465;First_Filter=FAILED;Last_filter=PASSED
>24092955;First_Filter=FAILED;Last_filter=FAILED
>24091648;First_Filter=FAILED;Last_filter=FAILED
>24066050;First_Filter=FAILED;Last_filter=PASSED
>24049156;First_Filter=FAILED;Last_filter=PASSED
>24039568;First_Filter=FAILED;Last_filter=FAILED
>24033307;First_Filter=FAILED;Last_filter=PASSED
>24020509;First_Filter=FAILED;Last_filter=PASSED
>24011260;First_Filter=FAILED;Last_filter=PASSED
>24010860;First_Filter=FAILED;Last_filter=FAILED
>26053843;First_Filter=FAILED;Last_filter=FAILED
>23967138;First_Filter=FAILED;Last_filter=FAILED
>23921193;First_Filter=FAILED;Last_filter=FAILED
>23920805;First_Filter=FAILED;Last_filter=FAILED
>23891886;First_Filter=FAILED;Last_filter=PASSED
>23888262;First_Filter=FAILED;Last_filter=FAILED
>23877232;First_Filter=FAILED;Last_filter=FAILED
>23876449;First_Filter=FAILED;Last_filter=FAILED
>23867795;First_Filter=FAILED;Last_filter=FAILED
>23846435;First_Filter=FAILED;Last_filter=PASSED
>23842533;First_Filter=FAILED;Last_filter=PASSED
>23817629;First_Filter=FAILED;Last_filter=FAILED
>23809015;First_Filter=FAILED;Last_filter=FAILED
>27481767;First_Filter=FAILED;Last_filter=PASSED
>23799053;First_Filter=FAILED;Last_filter=FAILED
>23792982;First_Filter=FAILED;Last_filter=FAILED
>23754426;First_Filter=FAILED;Last_filter=PASSED
>23745152;First_Filter=FAILED;Last_filter=FAILED
>29220919;First_Filter=FAILED;Last_filter=PASSED
>23690949;First_Filter=FAILED;Last_filter=PASSED
>23638379;First_Filter=FAILED;Last_filter=PASSED
>23637983;First_Filter=FAILED;Last_filter=FAILED
>23626914;First_Filter=FAILED;Last_filter=FAILED
>23603789;First_Filter=FAILED;Last_filter=FAILED
>23592219;First_Filter=FAILED;Last_filter=PASSED
>23574496;First_Filter=FAILED;Last_filter=FAILED
>23574118;First_Filter=FAILED;Last_filter=FAILED
>23543913;First_Filter=FAILED;Last_filter=PASSED
>23541745;First_Filter=FAILED;Last_filter=PASSED
>23525896;First_Filter=FAILED;Last_filter=PASSED
>23451981;First_Filter=FAILED;Last_filter=PASSED
>23447666;First_Filter=FAILED;Last_filter=PASSED
>23441572;First_Filter=FAILED;Last_filter=PASSED
>23380715;First_Filter=FAILED;Last_filter=FAILED
>23375004;First_Filter=FAILED;Last_filter=PASSED
>23372073;First_Filter=FAILED;Last_filter=PASSED
>23367259;First_Filter=FAILED;Last_filter=PASSED
>23367112;First_Filter=FAILED;Last_filter=PASSED
>23367033;First_Filter=FAILED;Last_filter=FAILED
>23366483;First_Filter=FAILED;Last_filter=FAILED
>27481278;First_Filter=FAILED;Last_filter=PASSED
>23356008;First_Filter=FAILED;Last_filter=FAILED
>23304352;First_Filter=FAILED;Last_filter=PASSED
>23294871;First_Filter=FAILED;Last_filter=PASSED
>23288787;First_Filter=FAILED;Last_filter=FAILED
>23278450;First_Filter=FAILED;Last_filter=FAILED
>23244782;First_Filter=FAILED;Last_filter=FAILED
>23244503;First_Filter=FAILED;Last_filter=PASSED
>23221176;First_Filter=FAILED;Last_filter=FAILED
>23215043;First_Filter=FAILED;Last_filter=PASSED
>23175461;First_Filter=FAILED;Last_filter=PASSED
>23174094;First_Filter=FAILED;Last_filter=FAILED
>23118845;First_Filter=FAILED;Last_filter=FAILED
>23066818;First_Filter=FAILED;Last_filter=PASSED
>22962451;First_Filter=FAILED;Last_filter=FAILED
>22936970;First_Filter=FAILED;Last_filter=PASSED
>22894513;First_Filter=FAILED;Last_filter=FAILED
>22883311;First_Filter=FAILED;Last_filter=PASSED
>22874386;First_Filter=FAILED;Last_filter=PASSED
>22842996;First_Filter=FAILED;Last_filter=FAILED
>22811657;First_Filter=FAILED;Last_filter=PASSED
>22761929;First_Filter=FAILED;Last_filter=PASSED
>22738405;First_Filter=FAILED;Last_filter=PASSED
>22734773;First_Filter=FAILED;Last_filter=PASSED
>22689776;First_Filter=FAILED;Last_filter=PASSED
>22592391;First_Filter=FAILED;Last_filter=FAILED
>22539773;First_Filter=FAILED;Last_filter=FAILED
>22515596;First_Filter=FAILED;Last_filter=FAILED
>22510477;First_Filter=FAILED;Last_filter=FAILED
>22504458;First_Filter=FAILED;Last_filter=FAILED
>22493177;First_Filter=FAILED;Last_filter=PASSED
>22471845;First_Filter=FAILED;Last_filter=PASSED
>22443093;First_Filter=FAILED;Last_filter=PASSED
>22390939;First_Filter=FAILED;Last_filter=FAILED
>22376768;First_Filter=FAILED;Last_filter=PASSED
>22341828;First_Filter=FAILED;Last_filter=PASSED
>22321698;First_Filter=FAILED;Last_filter=FAILED
>22319115;First_Filter=FAILED;Last_filter=PASSED
>22264063;First_Filter=FAILED;Last_filter=FAILED
>22245601;First_Filter=FAILED;Last_filter=PASSED
>22198263;First_Filter=FAILED;Last_filter=PASSED
>22195169;First_Filter=FAILED;Last_filter=FAILED
>22151929;First_Filter=FAILED;Last_filter=PASSED
>22151901;First_Filter=FAILED;Last_filter=FAILED
>22098113;First_Filter=FAILED;Last_filter=PASSED
>22094642;First_Filter=FAILED;Last_filter=FAILED
>21998156;First_Filter=FAILED;Last_filter=PASSED
>21989632;First_Filter=FAILED;Last_filter=FAILED
>21950918;First_Filter=FAILED;Last_filter=PASSED
>21949476;First_Filter=FAILED;Last_filter=FAILED
>21931652;First_Filter=FAILED;Last_filter=PASSED
>21900402;First_Filter=FAILED;Last_filter=FAILED
>21899717;First_Filter=FAILED;Last_filter=PASSED
>21895328;First_Filter=FAILED;Last_filter=FAILED
>21876540;First_Filter=FAILED;Last_filter=PASSED
>21823764;First_Filter=FAILED;Last_filter=PASSED
>21816395;First_Filter=FAILED;Last_filter=PASSED
>21801750;First_Filter=FAILED;Last_filter=FAILED
>21792466;First_Filter=FAILED;Last_filter=PASSED
>21791477;First_Filter=FAILED;Last_filter=PASSED
>21711464;First_Filter=FAILED;Last_filter=FAILED
>21709163;First_Filter=FAILED;Last_filter=FAILED
>21645638;First_Filter=FAILED;Last_filter=PASSED
>21633943;First_Filter=FAILED;Last_filter=PASSED
>27467154;First_Filter=FAILED;Last_filter=PASSED
>21539982;First_Filter=FAILED;Last_filter=FAILED
>21536520;First_Filter=FAILED;Last_filter=FAILED
>21483735;First_Filter=FAILED;Last_filter=PASSED
>21448715;First_Filter=FAILED;Last_filter=PASSED
>21436515;First_Filter=FAILED;Last_filter=PASSED
>21427778;First_Filter=FAILED;Last_filter=PASSED
>21419403;First_Filter=FAILED;Last_filter=FAILED
>21381738;First_Filter=FAILED;Last_filter=PASSED
>21375363;First_Filter=FAILED;Last_filter=PASSED
>21347060;First_Filter=FAILED;Last_filter=PASSED
>21346931;First_Filter=FAILED;Last_filter=PASSED
>21315497;First_Filter=FAILED;Last_filter=PASSED
>21277861;First_Filter=FAILED;Last_filter=FAILED
>21152268;First_Filter=FAILED;Last_filter=PASSED
>21126796;First_Filter=FAILED;Last_filter=PASSED
>21075734;First_Filter=FAILED;Last_filter=PASSED
>20870748;First_Filter=FAILED;Last_filter=PASSED
>20857153;First_Filter=FAILED;Last_filter=PASSED
>20699376;First_Filter=FAILED;Last_filter=FAILED
>20671323;First_Filter=FAILED;Last_filter=PASSED
>20670693;First_Filter=FAILED;Last_filter=FAILED
>20629732;First_Filter=FAILED;Last_filter=PASSED
>20595312;First_Filter=FAILED;Last_filter=FAILED
>20427620;First_Filter=FAILED;Last_filter=PASSED
>20387860;First_Filter=FAILED;Last_filter=PASSED
>20338737;First_Filter=FAILED;Last_filter=PASSED
>20153972;First_Filter=FAILED;Last_filter=FAILED
>20003365;First_Filter=FAILED;Last_filter=FAILED
>19995554;First_Filter=FAILED;Last_filter=FAILED
>19964971;First_Filter=FAILED;Last_filter=PASSED
>19964449;First_Filter=FAILED;Last_filter=FAILED
>19833488;First_Filter=FAILED;Last_filter=PASSED
>19811683;First_Filter=FAILED;Last_filter=PASSED
>19802393;First_Filter=FAILED;Last_filter=PASSED
>19772619;First_Filter=FAILED;Last_filter=PASSED
>19702240;First_Filter=FAILED;Last_filter=PASSED
>19570995;First_Filter=FAILED;Last_filter=PASSED
>19519327;First_Filter=FAILED;Last_filter=PASSED
>19481161;First_Filter=FAILED;Last_filter=FAILED
>19449974;First_Filter=FAILED;Last_filter=PASSED
>19447070;First_Filter=FAILED;Last_filter=FAILED
>19431284;First_Filter=FAILED;Last_filter=PASSED
>19429898;First_Filter=FAILED;Last_filter=PASSED
>19385697;First_Filter=FAILED;Last_filter=PASSED
>19380462;First_Filter=FAILED;Last_filter=PASSED
>19343583;First_Filter=FAILED;Last_filter=PASSED
>19183790;First_Filter=FAILED;Last_filter=FAILED
>19141421;First_Filter=FAILED;Last_filter=PASSED
>23765123;First_Filter=FAILED;Last_filter=FAILED
>19068836;First_Filter=FAILED;Last_filter=PASSED
>19025689;First_Filter=FAILED;Last_filter=PASSED
>19054729;First_Filter=FAILED;Last_filter=PASSED
>18999206;First_Filter=FAILED;Last_filter=PASSED
>18958272;First_Filter=FAILED;Last_filter=PASSED
>18823764;First_Filter=FAILED;Last_filter=PASSED
>18678474;First_Filter=FAILED;Last_filter=FAILED
>18378524;First_Filter=FAILED;Last_filter=PASSED
>18291023;First_Filter=FAILED;Last_filter=PASSED
>18262472;First_Filter=FAILED;Last_filter=PASSED
>18249796;First_Filter=FAILED;Last_filter=PASSED
>18218144;First_Filter=FAILED;Last_filter=PASSED
>18213431;First_Filter=FAILED;Last_filter=PASSED
>18194539;First_Filter=FAILED;Last_filter=PASSED
>19259399;First_Filter=FAILED;Last_filter=PASSED
>18096374;First_Filter=FAILED;Last_filter=FAILED
>17945879;First_Filter=FAILED;Last_filter=FAILED
>17705164;First_Filter=FAILED;Last_filter=PASSED
>17622131;First_Filter=FAILED;Last_filter=PASSED
>17578580;First_Filter=FAILED;Last_filter=PASSED
>17475513;First_Filter=FAILED;Last_filter=FAILED
>17451225;First_Filter=FAILED;Last_filter=FAILED
>17428441;First_Filter=FAILED;Last_filter=PASSED
>17346118;First_Filter=FAILED;Last_filter=PASSED
>17235603;First_Filter=FAILED;Last_filter=PASSED
>17205373;First_Filter=FAILED;Last_filter=PASSED
>19455252;First_Filter=FAILED;Last_filter=FAILED
>17147806;First_Filter=FAILED;Last_filter=FAILED
>17118146;First_Filter=FAILED;Last_filter=FAILED
>17040100;First_Filter=FAILED;Last_filter=PASSED
>16972690;First_Filter=FAILED;Last_filter=FAILED
>16867190;First_Filter=FAILED;Last_filter=PASSED
>16843731;First_Filter=FAILED;Last_filter=FAILED
>16822321;First_Filter=FAILED;Last_filter=PASSED
>16779123;First_Filter=FAILED;Last_filter=PASSED
>16680703;First_Filter=FAILED;Last_filter=PASSED
>16675572;First_Filter=FAILED;Last_filter=FAILED
>16584568;First_Filter=FAILED;Last_filter=PASSED
>16525697;First_Filter=FAILED;Last_filter=PASSED
>16378477;First_Filter=FAILED;Last_filter=FAILED
>16284202;First_Filter=FAILED;Last_filter=PASSED
>16115317;First_Filter=FAILED;Last_filter=PASSED
>15828008;First_Filter=FAILED;Last_filter=PASSED
>15807485;First_Filter=FAILED;Last_filter=PASSED
>15799998;First_Filter=FAILED;Last_filter=PASSED
>15732138;First_Filter=FAILED;Last_filter=PASSED
>15701728;First_Filter=FAILED;Last_filter=PASSED
>15632283;First_Filter=FAILED;Last_filter=PASSED
>15585125;First_Filter=FAILED;Last_filter=PASSED
>15548451;First_Filter=FAILED;Last_filter=PASSED
>15194608;First_Filter=FAILED;Last_filter=FAILED
>15174127;First_Filter=FAILED;Last_filter=PASSED
>15166311;First_Filter=FAILED;Last_filter=PASSED
>15154767;First_Filter=FAILED;Last_filter=PASSED
>15033872;First_Filter=FAILED;Last_filter=PASSED
>14990442;First_Filter=FAILED;Last_filter=PASSED
>14728216;First_Filter=FAILED;Last_filter=PASSED
>13680400;First_Filter=FAILED;Last_filter=PASSED
>12855479;First_Filter=FAILED;Last_filter=FAILED
>12582251;First_Filter=FAILED;Last_filter=PASSED
>12556823;First_Filter=FAILED;Last_filter=FAILED
>12421757;First_Filter=FAILED;Last_filter=PASSED
>12169544;First_Filter=FAILED;Last_filter=FAILED
>11825207;First_Filter=FAILED;Last_filter=PASSED
>11158658;First_Filter=FAILED;Last_filter=PASSED
>9869221;First_Filter=FAILED;Last_filter=FAILED
>9847079;First_Filter=FAILED;Last_filter=FAILED
>9322021;First_Filter=FAILED;Last_filter=PASSED
>8563370;First_Filter=FAILED;Last_filter=PASSED
>7584388;First_Filter=FAILED;Last_filter=PASSED
>8432270;First_Filter=FAILED;Last_filter=PASSED
>1096580;First_Filter=FAILED;Last_filter=FAILED
>29706514;First_Filter=PASSED;Last_filter=FAILED
>29637101;First_Filter=PASSED;Last_filter=FAILED
>29636627;First_Filter=PASSED;Last_filter=FAILED
>29608264;First_Filter=PASSED;Last_filter=FAILED
>29593533;First_Filter=PASSED;Last_filter=FAILED
>29506464;First_Filter=PASSED;Last_filter=FAILED
>29505509;First_Filter=PASSED;Last_filter=FAILED
>29501520;First_Filter=PASSED;Last_filter=FAILED
>29469760;First_Filter=PASSED;Last_filter=FAILED
>29469759;First_Filter=PASSED;Last_filter=FAILED
>29469697;First_Filter=PASSED;Last_filter=FAILED
>29457076;First_Filter=PASSED;Last_filter=FAILED
>29445458;First_Filter=PASSED;Last_filter=FAILED
>29430697;First_Filter=PASSED;Last_filter=FAILED
>29421925;First_Filter=PASSED;Last_filter=FAILED
>29404508;First_Filter=PASSED;Last_filter=FAILED
>29315761;First_Filter=PASSED;Last_filter=FAILED
>29204346;First_Filter=PASSED;Last_filter=FAILED
>29184346;First_Filter=PASSED;Last_filter=FAILED
>29141518;First_Filter=PASSED;Last_filter=FAILED
>29117765;First_Filter=PASSED;Last_filter=FAILED
>29026478;First_Filter=PASSED;Last_filter=FAILED
>28931352;First_Filter=PASSED;Last_filter=FAILED
>28884910;First_Filter=PASSED;Last_filter=FAILED
>28831528;First_Filter=PASSED;Last_filter=FAILED
>28827990;First_Filter=PASSED;Last_filter=FAILED
>28769568;First_Filter=PASSED;Last_filter=FAILED
>28749897;First_Filter=PASSED;Last_filter=FAILED
>28744164;First_Filter=PASSED;Last_filter=FAILED
>28737103;First_Filter=PASSED;Last_filter=FAILED
>28730261;First_Filter=PASSED;Last_filter=FAILED
>28611628;First_Filter=PASSED;Last_filter=FAILED
>28580160;First_Filter=PASSED;Last_filter=FAILED
>28577951;First_Filter=PASSED;Last_filter=FAILED
>28553132;First_Filter=PASSED;Last_filter=FAILED
>28515564;First_Filter=PASSED;Last_filter=FAILED
>28488978;First_Filter=PASSED;Last_filter=FAILED
>28482929;First_Filter=PASSED;Last_filter=FAILED
>28473929;First_Filter=PASSED;Last_filter=FAILED
>28396847;First_Filter=PASSED;Last_filter=FAILED
>28360179;First_Filter=PASSED;Last_filter=FAILED
>28358139;First_Filter=PASSED;Last_filter=FAILED
>28296986;First_Filter=PASSED;Last_filter=PASSED
>28292335;First_Filter=PASSED;Last_filter=FAILED
>28203102;First_Filter=PASSED;Last_filter=FAILED
>28084616;First_Filter=PASSED;Last_filter=FAILED
>27789188;First_Filter=PASSED;Last_filter=FAILED
>27647252;First_Filter=FAILED;Last_filter=FAILED
>27621795;First_Filter=PASSED;Last_filter=FAILED
>27448063;First_Filter=FAILED;Last_filter=FAILED
>27442317;First_Filter=PASSED;Last_filter=FAILED
>27386788;First_Filter=PASSED;Last_filter=FAILED
>27330825;First_Filter=PASSED;Last_filter=FAILED
>27222786;First_Filter=PASSED;Last_filter=FAILED
>27217070;First_Filter=PASSED;Last_filter=FAILED
>27134891;First_Filter=PASSED;Last_filter=FAILED
>27134890;First_Filter=PASSED;Last_filter=FAILED
>27114108;First_Filter=PASSED;Last_filter=FAILED
>27107053;First_Filter=PASSED;Last_filter=FAILED
>27078005;First_Filter=PASSED;Last_filter=FAILED
>27040849;First_Filter=PASSED;Last_filter=FAILED
>27037914;First_Filter=PASSED;Last_filter=FAILED
>26998294;First_Filter=PASSED;Last_filter=FAILED
>26964396;First_Filter=FAILED;Last_filter=FAILED
>26951484;First_Filter=PASSED;Last_filter=FAILED
>26929286;First_Filter=PASSED;Last_filter=FAILED
>26844223;First_Filter=PASSED;Last_filter=FAILED
>26831946;First_Filter=FAILED;Last_filter=FAILED
>26769645;First_Filter=PASSED;Last_filter=FAILED
>26758326;First_Filter=FAILED;Last_filter=FAILED
>26757493;First_Filter=PASSED;Last_filter=FAILED
>26742396;First_Filter=PASSED;Last_filter=FAILED
>29492431;First_Filter=PASSED;Last_filter=FAILED
>26662551;First_Filter=PASSED;Last_filter=FAILED
>26659455;First_Filter=PASSED;Last_filter=FAILED
>26629333;First_Filter=PASSED;Last_filter=FAILED
>26604588;First_Filter=PASSED;Last_filter=FAILED
>26538961;First_Filter=PASSED;Last_filter=FAILED
>26436077;First_Filter=FAILED;Last_filter=FAILED
>26417551;First_Filter=PASSED;Last_filter=FAILED
>26329602;First_Filter=PASSED;Last_filter=FAILED
>26266136;First_Filter=PASSED;Last_filter=FAILED
>26250354;First_Filter=PASSED;Last_filter=FAILED
>26232048;First_Filter=PASSED;Last_filter=FAILED
>26216320;First_Filter=PASSED;Last_filter=FAILED
>26170788;First_Filter=PASSED;Last_filter=FAILED
>26142408;First_Filter=PASSED;Last_filter=FAILED
>26031903;First_Filter=PASSED;Last_filter=FAILED
>25914536;First_Filter=PASSED;Last_filter=FAILED
>25909242;First_Filter=PASSED;Last_filter=FAILED
>25862717;First_Filter=PASSED;Last_filter=FAILED
>25854823;First_Filter=PASSED;Last_filter=FAILED
>25853842;First_Filter=PASSED;Last_filter=FAILED
>25777978;First_Filter=FAILED;Last_filter=FAILED
>25743146;First_Filter=FAILED;Last_filter=FAILED
>25733647;First_Filter=PASSED;Last_filter=FAILED
>25711376;First_Filter=PASSED;Last_filter=PASSED
>25518798;First_Filter=FAILED;Last_filter=FAILED
>25504689;First_Filter=FAILED;Last_filter=FAILED
>25433836;First_Filter=FAILED;Last_filter=FAILED
>25359191;First_Filter=FAILED;Last_filter=FAILED
>25298592;First_Filter=FAILED;Last_filter=FAILED
>25282251;First_Filter=FAILED;Last_filter=FAILED
>25274237;First_Filter=FAILED;Last_filter=FAILED
>25269945;First_Filter=FAILED;Last_filter=FAILED
>25177625;First_Filter=FAILED;Last_filter=FAILED
>25169759;First_Filter=FAILED;Last_filter=FAILED
>25158788;First_Filter=FAILED;Last_filter=FAILED
>29147400;First_Filter=PASSED;Last_filter=PASSED
>25035049;First_Filter=FAILED;Last_filter=FAILED
>24942517;First_Filter=FAILED;Last_filter=FAILED
>24933358;First_Filter=FAILED;Last_filter=FAILED
>24888401;First_Filter=FAILED;Last_filter=FAILED
>24743726;First_Filter=FAILED;Last_filter=FAILED
>24737858;First_Filter=FAILED;Last_filter=FAILED
>24737857;First_Filter=FAILED;Last_filter=FAILED
>24737852;First_Filter=FAILED;Last_filter=PASSED
>24716778;First_Filter=FAILED;Last_filter=FAILED
>24687387;First_Filter=FAILED;Last_filter=FAILED
>24673330;First_Filter=FAILED;Last_filter=FAILED
>24663249;First_Filter=FAILED;Last_filter=FAILED
>24623051;First_Filter=FAILED;Last_filter=FAILED
>24588409;First_Filter=FAILED;Last_filter=FAILED
>24574667;First_Filter=FAILED;Last_filter=FAILED
>24512039;First_Filter=FAILED;Last_filter=FAILED
>24507208;First_Filter=FAILED;Last_filter=FAILED
>24496626;First_Filter=FAILED;Last_filter=FAILED
>24250210;First_Filter=FAILED;Last_filter=FAILED
>24081481;First_Filter=FAILED;Last_filter=FAILED
>24069541;First_Filter=FAILED;Last_filter=FAILED
>24056134;First_Filter=FAILED;Last_filter=FAILED
>24016288;First_Filter=FAILED;Last_filter=FAILED
>23947089;First_Filter=FAILED;Last_filter=FAILED
>23839186;First_Filter=FAILED;Last_filter=FAILED
>23820683;First_Filter=FAILED;Last_filter=FAILED
>23820678;First_Filter=FAILED;Last_filter=FAILED
>23777679;First_Filter=FAILED;Last_filter=FAILED
>23772536;First_Filter=FAILED;Last_filter=FAILED
>23662031;First_Filter=FAILED;Last_filter=FAILED
>23656450;First_Filter=FAILED;Last_filter=FAILED
>23628636;First_Filter=FAILED;Last_filter=FAILED
>23560121;First_Filter=FAILED;Last_filter=FAILED
>23360455;First_Filter=FAILED;Last_filter=FAILED
>23342214;First_Filter=FAILED;Last_filter=FAILED
>23238504;First_Filter=FAILED;Last_filter=FAILED
>23204033;First_Filter=FAILED;Last_filter=FAILED
>23198246;First_Filter=FAILED;Last_filter=FAILED
>23149180;First_Filter=FAILED;Last_filter=FAILED
>28509074;First_Filter=FAILED;Last_filter=FAILED
>23087524;First_Filter=FAILED;Last_filter=FAILED
>23084239;First_Filter=FAILED;Last_filter=FAILED
>23047635;First_Filter=FAILED;Last_filter=FAILED
>22968242;First_Filter=FAILED;Last_filter=FAILED
>22864159;First_Filter=FAILED;Last_filter=FAILED
>22854041;First_Filter=FAILED;Last_filter=FAILED
>22715836;First_Filter=FAILED;Last_filter=FAILED
>22683916;First_Filter=FAILED;Last_filter=FAILED
>22623443;First_Filter=FAILED;Last_filter=FAILED
>22591433;First_Filter=FAILED;Last_filter=FAILED
>22414464;First_Filter=FAILED;Last_filter=FAILED
>22345778;First_Filter=FAILED;Last_filter=FAILED
>22328496;First_Filter=FAILED;Last_filter=FAILED
>22293806;First_Filter=FAILED;Last_filter=FAILED
>22259840;First_Filter=FAILED;Last_filter=FAILED
>22187054;First_Filter=FAILED;Last_filter=FAILED
>22108743;First_Filter=FAILED;Last_filter=FAILED
>22082897;First_Filter=FAILED;Last_filter=FAILED
>22041718;First_Filter=FAILED;Last_filter=FAILED
>22013310;First_Filter=FAILED;Last_filter=FAILED
>22012144;First_Filter=FAILED;Last_filter=FAILED
>21939920;First_Filter=FAILED;Last_filter=FAILED
>21890829;First_Filter=FAILED;Last_filter=FAILED
>21881283;First_Filter=FAILED;Last_filter=FAILED
>21834698;First_Filter=FAILED;Last_filter=FAILED
>21731276;First_Filter=FAILED;Last_filter=FAILED
>23271869;First_Filter=FAILED;Last_filter=FAILED
>21702057;First_Filter=FAILED;Last_filter=FAILED
>21675930;First_Filter=FAILED;Last_filter=FAILED
>21666311;First_Filter=FAILED;Last_filter=FAILED
>21628943;First_Filter=FAILED;Last_filter=FAILED
>21535132;First_Filter=FAILED;Last_filter=FAILED
>21507837;First_Filter=FAILED;Last_filter=FAILED
>21455432;First_Filter=FAILED;Last_filter=FAILED
>21373727;First_Filter=FAILED;Last_filter=FAILED
>21365540;First_Filter=FAILED;Last_filter=FAILED
>21342230;First_Filter=FAILED;Last_filter=FAILED
>21245310;First_Filter=FAILED;Last_filter=FAILED
>21221126;First_Filter=FAILED;Last_filter=PASSED
>23130207;First_Filter=FAILED;Last_filter=FAILED
>22553646;First_Filter=FAILED;Last_filter=FAILED
>21191713;First_Filter=FAILED;Last_filter=FAILED
>21176015;First_Filter=FAILED;Last_filter=FAILED
>21148602;First_Filter=FAILED;Last_filter=FAILED
>21099409;First_Filter=FAILED;Last_filter=FAILED
>21057748;First_Filter=FAILED;Last_filter=FAILED
>21044926;First_Filter=FAILED;Last_filter=FAILED
>20973736;First_Filter=FAILED;Last_filter=FAILED
>20960909;First_Filter=FAILED;Last_filter=FAILED
>20730906;First_Filter=FAILED;Last_filter=FAILED
>20684153;First_Filter=FAILED;Last_filter=FAILED
>20665464;First_Filter=FAILED;Last_filter=FAILED
>20659616;First_Filter=FAILED;Last_filter=FAILED
>20642694;First_Filter=FAILED;Last_filter=FAILED
>20570942;First_Filter=FAILED;Last_filter=FAILED
>20525360;First_Filter=FAILED;Last_filter=FAILED
>20501354;First_Filter=FAILED;Last_filter=FAILED
>20488664;First_Filter=FAILED;Last_filter=FAILED
>20470476;First_Filter=FAILED;Last_filter=FAILED
>20392387;First_Filter=FAILED;Last_filter=FAILED
>21886739;First_Filter=FAILED;Last_filter=FAILED
>20214227;First_Filter=FAILED;Last_filter=FAILED
>20182379;First_Filter=FAILED;Last_filter=FAILED
>25386242;First_Filter=FAILED;Last_filter=FAILED
>20069072;First_Filter=FAILED;Last_filter=FAILED
>19928688;First_Filter=FAILED;Last_filter=FAILED
>19919921;First_Filter=FAILED;Last_filter=FAILED
>19778313;First_Filter=FAILED;Last_filter=FAILED
>19687711;First_Filter=FAILED;Last_filter=FAILED
>19621180;First_Filter=FAILED;Last_filter=FAILED
>19447741;First_Filter=FAILED;Last_filter=PASSED
>19439939;First_Filter=FAILED;Last_filter=FAILED
>19430860;First_Filter=FAILED;Last_filter=FAILED
>19373540;First_Filter=FAILED;Last_filter=FAILED
>19323621;First_Filter=FAILED;Last_filter=FAILED
>19321411;First_Filter=FAILED;Last_filter=FAILED
>29276453;First_Filter=FAILED;Last_filter=FAILED
>19049711;First_Filter=FAILED;Last_filter=FAILED
>27303208;First_Filter=FAILED;Last_filter=FAILED
>18827415;First_Filter=FAILED;Last_filter=FAILED
>18812271;First_Filter=FAILED;Last_filter=FAILED
>18754216;First_Filter=FAILED;Last_filter=FAILED
>18698687;First_Filter=FAILED;Last_filter=FAILED
>18575041;First_Filter=FAILED;Last_filter=FAILED
>18575033;First_Filter=FAILED;Last_filter=PASSED
>18575032;First_Filter=FAILED;Last_filter=FAILED
>18568806;First_Filter=FAILED;Last_filter=FAILED
>18552982;First_Filter=FAILED;Last_filter=FAILED
>18407259;First_Filter=FAILED;Last_filter=PASSED
>18362670;First_Filter=FAILED;Last_filter=FAILED
>18303678;First_Filter=FAILED;Last_filter=FAILED
>18234228;First_Filter=FAILED;Last_filter=FAILED
>18194909;First_Filter=FAILED;Last_filter=FAILED
>18004022;First_Filter=FAILED;Last_filter=FAILED
>17984506;First_Filter=FAILED;Last_filter=FAILED
>17669303;First_Filter=FAILED;Last_filter=FAILED
>17665856;First_Filter=FAILED;Last_filter=FAILED
>17589805;First_Filter=FAILED;Last_filter=FAILED
>17549747;First_Filter=FAILED;Last_filter=PASSED
>17535407;First_Filter=FAILED;Last_filter=FAILED
>17466924;First_Filter=FAILED;Last_filter=FAILED
>17461309;First_Filter=FAILED;Last_filter=FAILED
>17388211;First_Filter=FAILED;Last_filter=FAILED
>17363955;First_Filter=FAILED;Last_filter=FAILED
>17347980;First_Filter=FAILED;Last_filter=FAILED
>17249445;First_Filter=FAILED;Last_filter=FAILED
>17249275;First_Filter=FAILED;Last_filter=FAILED
>17225050;First_Filter=FAILED;Last_filter=FAILED
>17188066;First_Filter=FAILED;Last_filter=FAILED
>17066616;First_Filter=FAILED;Last_filter=FAILED
>17066609;First_Filter=FAILED;Last_filter=FAILED
>16958806;First_Filter=FAILED;Last_filter=FAILED
>16877909;First_Filter=FAILED;Last_filter=FAILED
>16684289;First_Filter=FAILED;Last_filter=FAILED
>16554482;First_Filter=FAILED;Last_filter=PASSED
>16548490;First_Filter=FAILED;Last_filter=FAILED
>16506108;First_Filter=FAILED;Last_filter=FAILED
>16415921;First_Filter=FAILED;Last_filter=FAILED
>16361719;First_Filter=FAILED;Last_filter=FAILED
>15906542;First_Filter=FAILED;Last_filter=FAILED
>15878074;First_Filter=FAILED;Last_filter=FAILED
>15850591;First_Filter=FAILED;Last_filter=FAILED
>15459097;First_Filter=FAILED;Last_filter=PASSED
>15455296;First_Filter=FAILED;Last_filter=FAILED
>15328988;First_Filter=FAILED;Last_filter=FAILED
>15328366;First_Filter=FAILED;Last_filter=FAILED
>15288682;First_Filter=FAILED;Last_filter=FAILED
>15266858;First_Filter=FAILED;Last_filter=FAILED
>15202085;First_Filter=FAILED;Last_filter=FAILED
>15139956;First_Filter=FAILED;Last_filter=FAILED
>15116822;First_Filter=FAILED;Last_filter=FAILED
>15116817;First_Filter=FAILED;Last_filter=FAILED
>15086405;First_Filter=FAILED;Last_filter=FAILED
>15015667;First_Filter=FAILED;Last_filter=FAILED
>14681183;First_Filter=FAILED;Last_filter=PASSED
>14606579;First_Filter=FAILED;Last_filter=FAILED
>14582541;First_Filter=FAILED;Last_filter=FAILED
>14501389;First_Filter=FAILED;Last_filter=FAILED
>12931669;First_Filter=FAILED;Last_filter=FAILED
>12921507;First_Filter=FAILED;Last_filter=FAILED
>12841560;First_Filter=FAILED;Last_filter=FAILED
>12836099;First_Filter=FAILED;Last_filter=FAILED
>12830430;First_Filter=FAILED;Last_filter=FAILED
>12773067;First_Filter=FAILED;Last_filter=FAILED
>12705545;First_Filter=FAILED;Last_filter=PASSED
>12598710;First_Filter=FAILED;Last_filter=FAILED
>12499421;First_Filter=FAILED;Last_filter=FAILED
>12474291;First_Filter=FAILED;Last_filter=PASSED
>12440088;First_Filter=FAILED;Last_filter=FAILED
>12364940;First_Filter=FAILED;Last_filter=FAILED
>12188246;First_Filter=FAILED;Last_filter=FAILED
>12164521;First_Filter=FAILED;Last_filter=FAILED
>11941538;First_Filter=FAILED;Last_filter=FAILED
>11713940;First_Filter=FAILED;Last_filter=FAILED
>11284525;First_Filter=FAILED;Last_filter=FAILED
>11174414;First_Filter=FAILED;Last_filter=FAILED
>11111063;First_Filter=FAILED;Last_filter=FAILED
>11065256;First_Filter=FAILED;Last_filter=FAILED
>10886752;First_Filter=FAILED;Last_filter=FAILED
>10480361;First_Filter=FAILED;Last_filter=FAILED
>10354923;First_Filter=FAILED;Last_filter=FAILED
>10095893;First_Filter=FAILED;Last_filter=FAILED
>10071329;First_Filter=FAILED;Last_filter=FAILED
>10037015;First_Filter=FAILED;Last_filter=FAILED
>9868312;First_Filter=FAILED;Last_filter=FAILED
>9779863;First_Filter=FAILED;Last_filter=PASSED
>9674905;First_Filter=FAILED;Last_filter=FAILED
>9525016;First_Filter=FAILED;Last_filter=FAILED
>9311000;First_Filter=FAILED;Last_filter=FAILED
>9441086;First_Filter=FAILED;Last_filter=FAILED
>9267743;First_Filter=FAILED;Last_filter=FAILED
>8691227;First_Filter=FAILED;Last_filter=FAILED
>8728692;First_Filter=FAILED;Last_filter=FAILED
>8554032;First_Filter=FAILED;Last_filter=FAILED
>9098261;First_Filter=FAILED;Last_filter=FAILED
>8563128;First_Filter=FAILED;Last_filter=FAILED
>8566721;First_Filter=FAILED;Last_filter=PASSED
>8566720;First_Filter=FAILED;Last_filter=FAILED
>7557368;First_Filter=FAILED;Last_filter=FAILED
>8256816;First_Filter=FAILED;Last_filter=FAILED
>1468597;First_Filter=FAILED;Last_filter=PASSED
>1421644;First_Filter=FAILED;Last_filter=FAILED
>1782783;First_Filter=FAILED;Last_filter=FAILED
>1920970;First_Filter=FAILED;Last_filter=FAILED
>1857996;First_Filter=FAILED;Last_filter=FAILED
>1899814;First_Filter=FAILED;Last_filter=FAILED
>1664736;First_Filter=FAILED;Last_filter=FAILED
>2266988;First_Filter=FAILED;Last_filter=FAILED
>2268602;First_Filter=FAILED;Last_filter=FAILED
>2677441;First_Filter=FAILED;Last_filter=FAILED
>3988583;First_Filter=FAILED;Last_filter=FAILED
>6165201;First_Filter=FAILED;Last_filter=FAILED
